Post Processor Report
OrCAD FILE: D:\UTENTI\00.LAVORI IN CORSO\METALTRONICA\22-301-0 (SCHEDA SERVIZI 2_02_2024\22-301-0.MAX
Fri Feb 02 15:46:08 2024

*********************************************************

Output file: D:\UTENTI\00.LAVORI IN CORSO\METALTRONICA\22-301-0 (SCHEDA SERVIZI 2_02_2024\22-301-0.TOP

Aperture totals for D:\UTENTI\00.LAVORI IN CORSO\METALTRONICA\22-301-0 (SCHEDA SERVIZI 2_02_2024\22-301-0.TOP:
---------------------------------------------------------
D10:  0.0394 ROUND  --       0 Draws,       3 Flashes
D11:  0.0800 ROUND  --       0 Draws,      25 Flashes
D12:  0.0800 SQUARE --       0 Draws,       2 Flashes
D13:  0.0501 x 0.0404 RECTANGLE -----      70 Flashes
D14:  0.0320 x 0.0380 RECTANGLE -----      84 Flashes
D15:  0.0380 x 0.0320 RECTANGLE -----     362 Flashes
D16:  0.0886 x 0.0905 RECTANGLE -----      14 Flashes
D17:  0.0630 x 0.1102 RECTANGLE -----       4 Flashes
D18:  0.1024 x 0.0510 RECTANGLE -----      10 Flashes
D19:  0.0710 x 0.0400 RECTANGLE -----      64 Flashes
D20:  0.0630 x 0.0984 RECTANGLE -----       2 Flashes
D21:  0.0354 x 0.0480 RECTANGLE -----       2 Flashes
D22:  0.0850 x 0.1080 RECTANGLE -----      50 Flashes
D23:  0.0480 x 0.0354 RECTANGLE -----       4 Flashes
D24:  0.0787 SQUARE --       0 Draws,       8 Flashes
D25:  0.0197 x 0.0315 RECTANGLE -----      10 Flashes
D26:  0.1080 x 0.0850 RECTANGLE -----      92 Flashes
D27:  0.1063 ROUND  --       0 Draws,       3 Flashes
D28:  0.0404 x 0.0501 RECTANGLE -----      12 Flashes
D29:  0.2756 ROUND  --       0 Draws,       6 Flashes
D30:  0.1220 x 0.0905 RECTANGLE -----       8 Flashes
D31:  0.1181 ROUND  --       0 Draws,       4 Flashes
D32:  0.0984 ROUND  --       0 Draws,      16 Flashes
D33:  0.0787 ROUND  --       0 Draws,      54 Flashes
D34:  0.0630 ROUND  --       0 Draws,       3 Flashes
D35:  0.0600 x 0.1200 RECTANGLE -----      20 Flashes
D36:  0.0610 ROUND  --       0 Draws,      18 Flashes
D37:  0.0610 SQUARE --       0 Draws,       2 Flashes
D38:  0.0236 x 0.0413 RECTANGLE -----       4 Flashes
D39:  0.0197 SQUARE --       0 Draws,      16 Flashes
D40:  0.0630 x 0.0866 RECTANGLE -----       2 Flashes
D41:  0.0187 ROUND  --       0 Draws,       4 Flashes
D42:  0.0400 x 0.0500 RECTANGLE -----      12 Flashes
D43:  0.2000 ROUND  --       0 Draws,       2 Flashes
D44:  0.0500 x 0.0400 RECTANGLE -----       9 Flashes
D45:  0.0400 x 0.0710 RECTANGLE -----      20 Flashes
D46:  0.0570 x 0.0590 RECTANGLE -----       2 Flashes
D47:  0.3100 x 0.3350 RECTANGLE -----       2 Flashes
D48:  0.0650 x 0.1500 RECTANGLE -----       4 Flashes
D49:  0.1378 ROUND  --       0 Draws,       4 Flashes
D50:  0.0866 ROUND  --       0 Draws,      11 Flashes
D51:  0.0236 x 0.0512 RECTANGLE -----      64 Flashes
D52:  0.0354 x 0.0512 RECTANGLE -----      84 Flashes
D53:  0.0118 x 0.0264 RECTANGLE -----       5 Flashes
D54:  0.0256 x 0.0650 OBLONG    -----      16 Flashes
D55:  0.0512 x 0.0354 RECTANGLE -----      56 Flashes
D56:  0.0500 x 0.0270 RECTANGLE -----      30 Flashes
D57:  0.1220 x 0.0950 RECTANGLE -----       1 Flashes
D58:  0.0240 x 0.0750 RECTANGLE -----       8 Flashes
D59:  0.1580 x 0.0680 RECTANGLE -----       1 Flashes
D60:  0.0550 x 0.0680 RECTANGLE -----       3 Flashes
D61:  0.0700 x 0.0110 OBLONG    -----      28 Flashes
D62:  0.0700 x 0.0110 RECTANGLE -----       4 Flashes
D63:  0.0110 x 0.0700 OBLONG    -----      29 Flashes
D64:  0.0110 x 0.0700 RECTANGLE -----       3 Flashes
D65:  0.0480 x 0.0244 RECTANGLE -----      12 Flashes
D66:  0.0250 x 0.0350 RECTANGLE -----      10 Flashes
D67:  0.0350 x 0.0250 RECTANGLE -----       2 Flashes
D68:  0.0197 x 0.0394 RECTANGLE -----       2 Flashes
D69:  0.0276 ROUND  --       0 Draws,       4 Flashes
D70:  0.0512 ROUND  --       0 Draws,     249 Flashes
D71:  0.0250 ROUND  --    2439 Draws,       1 Flashes
D72:  0.0100 ROUND  --   16817 Draws,       0 Flashes
D73:  0.0050 ROUND  --     320 Draws,       0 Flashes
D74:  0.0500 ROUND  --     126 Draws,       0 Flashes
D75:  0.0276 ROUND  --       0 Draws,     470 Flashes
D76:  0.0120 ROUND  --      11 Draws,       0 Flashes
D77:  0.0276 ROUND  --       0 Draws,       4 Flashes
---------------------------------------------------------
 68 D-Codes      -----   19713 Draws,    2130 Flashes

*********************************************************

Output file: D:\UTENTI\00.LAVORI IN CORSO\METALTRONICA\22-301-0 (SCHEDA SERVIZI 2_02_2024\22-301-0.BOT

Aperture totals for D:\UTENTI\00.LAVORI IN CORSO\METALTRONICA\22-301-0 (SCHEDA SERVIZI 2_02_2024\22-301-0.BOT:
---------------------------------------------------------
D11:  0.0800 ROUND  --       0 Draws,      25 Flashes
D12:  0.0800 SQUARE --       0 Draws,       2 Flashes
D27:  0.1063 ROUND  --       0 Draws,       3 Flashes
D29:  0.2756 ROUND  --       0 Draws,      10 Flashes
D31:  0.1181 ROUND  --       0 Draws,       4 Flashes
D32:  0.0984 ROUND  --       0 Draws,      16 Flashes
D33:  0.0787 ROUND  --       0 Draws,      54 Flashes
D34:  0.0630 ROUND  --       0 Draws,       3 Flashes
D36:  0.0610 ROUND  --       0 Draws,      18 Flashes
D37:  0.0610 SQUARE --       0 Draws,       2 Flashes
D49:  0.1378 ROUND  --       0 Draws,       2 Flashes
D50:  0.0866 ROUND  --       0 Draws,      11 Flashes
D66:  0.0250 x 0.0350 RECTANGLE -----       4 Flashes
D69:  0.0276 ROUND  --       0 Draws,       4 Flashes
D70:  0.0512 ROUND  --       0 Draws,     249 Flashes
D71:  0.0250 ROUND  --     130 Draws,       0 Flashes
D72:  0.0100 ROUND  --   15148 Draws,       1 Flashes
D74:  0.0500 ROUND  --      38 Draws,       0 Flashes
D75:  0.0276 ROUND  --       0 Draws,     420 Flashes
D76:  0.0120 ROUND  --       3 Draws,       0 Flashes
D77:  0.0276 ROUND  --       0 Draws,      48 Flashes
D78:  0.0276 ROUND  --       0 Draws,       6 Flashes
---------------------------------------------------------
 22 D-Codes      -----   15319 Draws,     882 Flashes

*********************************************************

Output file: D:\UTENTI\00.LAVORI IN CORSO\METALTRONICA\22-301-0 (SCHEDA SERVIZI 2_02_2024\22-301-0.IN1

Aperture totals for D:\UTENTI\00.LAVORI IN CORSO\METALTRONICA\22-301-0 (SCHEDA SERVIZI 2_02_2024\22-301-0.IN1:
---------------------------------------------------------
D11:  0.0800 ROUND  --       0 Draws,      25 Flashes
D12:  0.0800 SQUARE --       0 Draws,       2 Flashes
D27:  0.1063 ROUND  --       0 Draws,       3 Flashes
D31:  0.1181 ROUND  --       0 Draws,       4 Flashes
D32:  0.0984 ROUND  --       0 Draws,      16 Flashes
D33:  0.0787 ROUND  --       0 Draws,      54 Flashes
D34:  0.0630 ROUND  --       0 Draws,       3 Flashes
D36:  0.0610 ROUND  --       0 Draws,      20 Flashes
D43:  0.2000 ROUND  --       0 Draws,       2 Flashes
D49:  0.1378 ROUND  --       0 Draws,      10 Flashes
D50:  0.0866 ROUND  --       0 Draws,      11 Flashes
D69:  0.0276 ROUND  --       0 Draws,       4 Flashes
D70:  0.0512 ROUND  --       0 Draws,     249 Flashes
D72:  0.0100 ROUND  --   14190 Draws,       1 Flashes
D74:  0.0500 ROUND  --      37 Draws,       0 Flashes
D75:  0.0276 ROUND  --       0 Draws,     260 Flashes
D77:  0.0276 ROUND  --       0 Draws,     172 Flashes
D78:  0.0276 ROUND  --       0 Draws,      42 Flashes
---------------------------------------------------------
 18 D-Codes      -----   14227 Draws,     878 Flashes

*********************************************************

Output file: D:\UTENTI\00.LAVORI IN CORSO\METALTRONICA\22-301-0 (SCHEDA SERVIZI 2_02_2024\22-301-0.IN2

Aperture totals for D:\UTENTI\00.LAVORI IN CORSO\METALTRONICA\22-301-0 (SCHEDA SERVIZI 2_02_2024\22-301-0.IN2:
---------------------------------------------------------
D11:  0.0800 ROUND  --       0 Draws,      25 Flashes
D12:  0.0800 SQUARE --       0 Draws,       2 Flashes
D27:  0.1063 ROUND  --       0 Draws,       3 Flashes
D31:  0.1181 ROUND  --       0 Draws,       4 Flashes
D32:  0.0984 ROUND  --       0 Draws,      16 Flashes
D33:  0.0787 ROUND  --       0 Draws,      54 Flashes
D34:  0.0630 ROUND  --       0 Draws,       3 Flashes
D36:  0.0610 ROUND  --       0 Draws,      20 Flashes
D43:  0.2000 ROUND  --       0 Draws,       2 Flashes
D49:  0.1378 ROUND  --       0 Draws,      10 Flashes
D50:  0.0866 ROUND  --       0 Draws,      11 Flashes
D69:  0.0276 ROUND  --       0 Draws,       4 Flashes
D70:  0.0512 ROUND  --       0 Draws,     249 Flashes
D72:  0.0100 ROUND  --   18058 Draws,       0 Flashes
D75:  0.0276 ROUND  --       0 Draws,     197 Flashes
D77:  0.0276 ROUND  --       0 Draws,     274 Flashes
D78:  0.0276 ROUND  --       0 Draws,       3 Flashes
---------------------------------------------------------
 17 D-Codes      -----   18058 Draws,     877 Flashes

*********************************************************

Output file: D:\UTENTI\00.LAVORI IN CORSO\METALTRONICA\22-301-0 (SCHEDA SERVIZI 2_02_2024\22-301-0.SMT

Aperture totals for D:\UTENTI\00.LAVORI IN CORSO\METALTRONICA\22-301-0 (SCHEDA SERVIZI 2_02_2024\22-301-0.SMT:
---------------------------------------------------------
D11:  0.0800 ROUND  --       0 Draws,      25 Flashes
D12:  0.0800 SQUARE --       0 Draws,       2 Flashes
D13:  0.0501 x 0.0404 RECTANGLE -----      70 Flashes
D14:  0.0320 x 0.0380 RECTANGLE -----      84 Flashes
D15:  0.0380 x 0.0320 RECTANGLE -----     362 Flashes
D16:  0.0886 x 0.0905 RECTANGLE -----      14 Flashes
D17:  0.0630 x 0.1102 RECTANGLE -----       4 Flashes
D18:  0.1024 x 0.0510 RECTANGLE -----      10 Flashes
D19:  0.0710 x 0.0400 RECTANGLE -----      64 Flashes
D20:  0.0630 x 0.0984 RECTANGLE -----       2 Flashes
D21:  0.0354 x 0.0480 RECTANGLE -----       2 Flashes
D22:  0.0850 x 0.1080 RECTANGLE -----      50 Flashes
D23:  0.0480 x 0.0354 RECTANGLE -----       4 Flashes
D24:  0.0787 SQUARE --       0 Draws,       8 Flashes
D25:  0.0197 x 0.0315 RECTANGLE -----      10 Flashes
D26:  0.1080 x 0.0850 RECTANGLE -----      92 Flashes
D27:  0.1063 ROUND  --       0 Draws,       3 Flashes
D28:  0.0404 x 0.0501 RECTANGLE -----      12 Flashes
D29:  0.2756 ROUND  --       0 Draws,       6 Flashes
D30:  0.1220 x 0.0905 RECTANGLE -----       8 Flashes
D32:  0.0984 ROUND  --       0 Draws,      16 Flashes
D33:  0.0787 ROUND  --       0 Draws,      54 Flashes
D35:  0.0600 x 0.1200 RECTANGLE -----      20 Flashes
D36:  0.0610 ROUND  --       0 Draws,      18 Flashes
D37:  0.0610 SQUARE --       0 Draws,       2 Flashes
D38:  0.0236 x 0.0413 RECTANGLE -----       4 Flashes
D39:  0.0197 SQUARE --       0 Draws,      16 Flashes
D40:  0.0630 x 0.0866 RECTANGLE -----       2 Flashes
D42:  0.0400 x 0.0500 RECTANGLE -----      12 Flashes
D43:  0.2000 ROUND  --       0 Draws,       2 Flashes
D44:  0.0500 x 0.0400 RECTANGLE -----       9 Flashes
D45:  0.0400 x 0.0710 RECTANGLE -----      20 Flashes
D46:  0.0570 x 0.0590 RECTANGLE -----       2 Flashes
D47:  0.3100 x 0.3350 RECTANGLE -----       2 Flashes
D48:  0.0650 x 0.1500 RECTANGLE -----       4 Flashes
D49:  0.1378 ROUND  --       0 Draws,       2 Flashes
D50:  0.0866 ROUND  --       0 Draws,      11 Flashes
D51:  0.0236 x 0.0512 RECTANGLE -----      64 Flashes
D52:  0.0354 x 0.0512 RECTANGLE -----      84 Flashes
D53:  0.0118 x 0.0264 RECTANGLE -----       5 Flashes
D54:  0.0256 x 0.0650 OBLONG    -----      16 Flashes
D55:  0.0512 x 0.0354 RECTANGLE -----      56 Flashes
D56:  0.0500 x 0.0270 RECTANGLE -----      30 Flashes
D57:  0.1220 x 0.0950 RECTANGLE -----       1 Flashes
D58:  0.0240 x 0.0750 RECTANGLE -----       8 Flashes
D59:  0.1580 x 0.0680 RECTANGLE -----       1 Flashes
D60:  0.0550 x 0.0680 RECTANGLE -----       3 Flashes
D61:  0.0700 x 0.0110 OBLONG    -----      28 Flashes
D62:  0.0700 x 0.0110 RECTANGLE -----       4 Flashes
D63:  0.0110 x 0.0700 OBLONG    -----      29 Flashes
D64:  0.0110 x 0.0700 RECTANGLE -----       3 Flashes
D65:  0.0480 x 0.0244 RECTANGLE -----      12 Flashes
D68:  0.0197 x 0.0394 RECTANGLE -----       2 Flashes
D72:  0.0100 ROUND  --    1245 Draws,       0 Flashes
D73:  0.0050 ROUND  --     320 Draws,       0 Flashes
D79:  0.0590 ROUND  --       0 Draws,       3 Flashes
D80:  0.0060 ROUND  --     588 Draws,       0 Flashes
---------------------------------------------------------
 57 D-Codes      -----    2153 Draws,    1377 Flashes

*********************************************************

Output file: D:\UTENTI\00.LAVORI IN CORSO\METALTRONICA\22-301-0 (SCHEDA SERVIZI 2_02_2024\22-301-0.SMB

Aperture totals for D:\UTENTI\00.LAVORI IN CORSO\METALTRONICA\22-301-0 (SCHEDA SERVIZI 2_02_2024\22-301-0.SMB:
---------------------------------------------------------
D11:  0.0800 ROUND  --       0 Draws,      25 Flashes
D12:  0.0800 SQUARE --       0 Draws,       2 Flashes
D27:  0.1063 ROUND  --       0 Draws,       3 Flashes
D29:  0.2756 ROUND  --       0 Draws,       8 Flashes
D32:  0.0984 ROUND  --       0 Draws,      16 Flashes
D33:  0.0787 ROUND  --       0 Draws,      54 Flashes
D36:  0.0610 ROUND  --       0 Draws,      18 Flashes
D37:  0.0610 SQUARE --       0 Draws,       2 Flashes
D49:  0.1378 ROUND  --       0 Draws,       4 Flashes
D50:  0.0866 ROUND  --       0 Draws,      11 Flashes
D72:  0.0100 ROUND  --     728 Draws,       0 Flashes
D81:  0.1000 ROUND  --      34 Draws,       0 Flashes
---------------------------------------------------------
 12 D-Codes      -----     762 Draws,     143 Flashes

*********************************************************

Output file: D:\UTENTI\00.LAVORI IN CORSO\METALTRONICA\22-301-0 (SCHEDA SERVIZI 2_02_2024\22-301-0.SPT

Aperture totals for D:\UTENTI\00.LAVORI IN CORSO\METALTRONICA\22-301-0 (SCHEDA SERVIZI 2_02_2024\22-301-0.SPT:
---------------------------------------------------------
D13:  0.0501 x 0.0404 RECTANGLE -----      70 Flashes
D14:  0.0320 x 0.0380 RECTANGLE -----      84 Flashes
D15:  0.0380 x 0.0320 RECTANGLE -----     362 Flashes
D16:  0.0886 x 0.0905 RECTANGLE -----      14 Flashes
D17:  0.0630 x 0.1102 RECTANGLE -----       4 Flashes
D18:  0.1024 x 0.0510 RECTANGLE -----      10 Flashes
D19:  0.0710 x 0.0400 RECTANGLE -----      64 Flashes
D20:  0.0630 x 0.0984 RECTANGLE -----       2 Flashes
D21:  0.0354 x 0.0480 RECTANGLE -----       2 Flashes
D22:  0.0850 x 0.1080 RECTANGLE -----      50 Flashes
D23:  0.0480 x 0.0354 RECTANGLE -----       4 Flashes
D24:  0.0787 SQUARE --       0 Draws,       8 Flashes
D25:  0.0197 x 0.0315 RECTANGLE -----      10 Flashes
D26:  0.1080 x 0.0850 RECTANGLE -----      92 Flashes
D28:  0.0404 x 0.0501 RECTANGLE -----      12 Flashes
D30:  0.1220 x 0.0905 RECTANGLE -----       8 Flashes
D35:  0.0600 x 0.1200 RECTANGLE -----      20 Flashes
D38:  0.0236 x 0.0413 RECTANGLE -----       4 Flashes
D40:  0.0630 x 0.0866 RECTANGLE -----       2 Flashes
D42:  0.0400 x 0.0500 RECTANGLE -----      12 Flashes
D44:  0.0500 x 0.0400 RECTANGLE -----       9 Flashes
D45:  0.0400 x 0.0710 RECTANGLE -----      20 Flashes
D46:  0.0570 x 0.0590 RECTANGLE -----       2 Flashes
D48:  0.0650 x 0.1500 RECTANGLE -----       4 Flashes
D51:  0.0236 x 0.0512 RECTANGLE -----      64 Flashes
D52:  0.0354 x 0.0512 RECTANGLE -----      84 Flashes
D53:  0.0118 x 0.0264 RECTANGLE -----       5 Flashes
D54:  0.0256 x 0.0650 OBLONG    -----      16 Flashes
D55:  0.0512 x 0.0354 RECTANGLE -----      56 Flashes
D56:  0.0500 x 0.0270 RECTANGLE -----      30 Flashes
D57:  0.1220 x 0.0950 RECTANGLE -----       1 Flashes
D58:  0.0240 x 0.0750 RECTANGLE -----       8 Flashes
D59:  0.1580 x 0.0680 RECTANGLE -----       1 Flashes
D60:  0.0550 x 0.0680 RECTANGLE -----       3 Flashes
D61:  0.0700 x 0.0110 OBLONG    -----      28 Flashes
D62:  0.0700 x 0.0110 RECTANGLE -----       4 Flashes
D63:  0.0110 x 0.0700 OBLONG    -----      29 Flashes
D64:  0.0110 x 0.0700 RECTANGLE -----       3 Flashes
D65:  0.0480 x 0.0244 RECTANGLE -----      12 Flashes
D68:  0.0197 x 0.0394 RECTANGLE -----       2 Flashes
D72:  0.0100 ROUND  --     320 Draws,       0 Flashes
D73:  0.0050 ROUND  --     320 Draws,       0 Flashes
D80:  0.0060 ROUND  --     428 Draws,       0 Flashes
---------------------------------------------------------
 43 D-Codes      -----    1068 Draws,    1215 Flashes

*********************************************************

Output file: D:\UTENTI\00.LAVORI IN CORSO\METALTRONICA\22-301-0 (SCHEDA SERVIZI 2_02_2024\22-301-0.SST

Aperture totals for D:\UTENTI\00.LAVORI IN CORSO\METALTRONICA\22-301-0 (SCHEDA SERVIZI 2_02_2024\22-301-0.SST:
---------------------------------------------------------
D72:  0.0100 ROUND  --     315 Draws,       0 Flashes
D73:  0.0050 ROUND  --       8 Draws,       0 Flashes
D80:  0.0060 ROUND  --   19684 Draws,       0 Flashes
D82:  0.0079 ROUND  --     752 Draws,       0 Flashes
D83:  0.0080 ROUND  --     352 Draws,       0 Flashes
D84:  0.0059 ROUND  --     316 Draws,       0 Flashes
D85:  0.0078 ROUND  --      26 Draws,       0 Flashes
D86:  0.0010 ROUND  --      43 Draws,       0 Flashes
---------------------------------------------------------
  8 D-Codes      -----   21496 Draws,       0 Flashes

*********************************************************

Output file: D:\UTENTI\00.LAVORI IN CORSO\METALTRONICA\22-301-0 (SCHEDA SERVIZI 2_02_2024\22-301-0.DRD

Aperture totals for D:\UTENTI\00.LAVORI IN CORSO\METALTRONICA\22-301-0 (SCHEDA SERVIZI 2_02_2024\22-301-0.DRD:
---------------------------------------------------------
D72:  0.0100 ROUND  --    7972 Draws,       0 Flashes
---------------------------------------------------------
  1 D-Codes      -----    7972 Draws,       0 Flashes


*********************************************************

Aperture totals for entire project:
---------------------------------------------------------
D10:  0.0394 ROUND  --       0 Draws,       3 Flashes
D11:  0.0800 ROUND  --       0 Draws,     150 Flashes
D12:  0.0800 SQUARE --       0 Draws,      12 Flashes
D13:  0.0501 x 0.0404 RECTANGLE -----     210 Flashes
D14:  0.0320 x 0.0380 RECTANGLE -----     252 Flashes
D15:  0.0380 x 0.0320 RECTANGLE -----    1086 Flashes
D16:  0.0886 x 0.0905 RECTANGLE -----      42 Flashes
D17:  0.0630 x 0.1102 RECTANGLE -----      12 Flashes
D18:  0.1024 x 0.0510 RECTANGLE -----      30 Flashes
D19:  0.0710 x 0.0400 RECTANGLE -----     192 Flashes
D20:  0.0630 x 0.0984 RECTANGLE -----       6 Flashes
D21:  0.0354 x 0.0480 RECTANGLE -----       6 Flashes
D22:  0.0850 x 0.1080 RECTANGLE -----     150 Flashes
D23:  0.0480 x 0.0354 RECTANGLE -----      12 Flashes
D24:  0.0787 SQUARE --       0 Draws,      24 Flashes
D25:  0.0197 x 0.0315 RECTANGLE -----      30 Flashes
D26:  0.1080 x 0.0850 RECTANGLE -----     276 Flashes
D27:  0.1063 ROUND  --       0 Draws,      18 Flashes
D28:  0.0404 x 0.0501 RECTANGLE -----      36 Flashes
D29:  0.2756 ROUND  --       0 Draws,      30 Flashes
D30:  0.1220 x 0.0905 RECTANGLE -----      24 Flashes
D31:  0.1181 ROUND  --       0 Draws,      16 Flashes
D32:  0.0984 ROUND  --       0 Draws,      96 Flashes
D33:  0.0787 ROUND  --       0 Draws,     324 Flashes
D34:  0.0630 ROUND  --       0 Draws,      12 Flashes
D35:  0.0600 x 0.1200 RECTANGLE -----      60 Flashes
D36:  0.0610 ROUND  --       0 Draws,     112 Flashes
D37:  0.0610 SQUARE --       0 Draws,       8 Flashes
D38:  0.0236 x 0.0413 RECTANGLE -----      12 Flashes
D39:  0.0197 SQUARE --       0 Draws,      32 Flashes
D40:  0.0630 x 0.0866 RECTANGLE -----       6 Flashes
D41:  0.0187 ROUND  --       0 Draws,       4 Flashes
D42:  0.0400 x 0.0500 RECTANGLE -----      36 Flashes
D43:  0.2000 ROUND  --       0 Draws,       8 Flashes
D44:  0.0500 x 0.0400 RECTANGLE -----      27 Flashes
D45:  0.0400 x 0.0710 RECTANGLE -----      60 Flashes
D46:  0.0570 x 0.0590 RECTANGLE -----       6 Flashes
D47:  0.3100 x 0.3350 RECTANGLE -----       4 Flashes
D48:  0.0650 x 0.1500 RECTANGLE -----      12 Flashes
D49:  0.1378 ROUND  --       0 Draws,      32 Flashes
D50:  0.0866 ROUND  --       0 Draws,      66 Flashes
D51:  0.0236 x 0.0512 RECTANGLE -----     192 Flashes
D52:  0.0354 x 0.0512 RECTANGLE -----     252 Flashes
D53:  0.0118 x 0.0264 RECTANGLE -----      15 Flashes
D54:  0.0256 x 0.0650 OBLONG    -----      48 Flashes
D55:  0.0512 x 0.0354 RECTANGLE -----     168 Flashes
D56:  0.0500 x 0.0270 RECTANGLE -----      90 Flashes
D57:  0.1220 x 0.0950 RECTANGLE -----       3 Flashes
D58:  0.0240 x 0.0750 RECTANGLE -----      24 Flashes
D59:  0.1580 x 0.0680 RECTANGLE -----       3 Flashes
D60:  0.0550 x 0.0680 RECTANGLE -----       9 Flashes
D61:  0.0700 x 0.0110 OBLONG    -----      84 Flashes
D62:  0.0700 x 0.0110 RECTANGLE -----      12 Flashes
D63:  0.0110 x 0.0700 OBLONG    -----      87 Flashes
D64:  0.0110 x 0.0700 RECTANGLE -----       9 Flashes
D65:  0.0480 x 0.0244 RECTANGLE -----      36 Flashes
D66:  0.0250 x 0.0350 RECTANGLE -----      14 Flashes
D67:  0.0350 x 0.0250 RECTANGLE -----       2 Flashes
D68:  0.0197 x 0.0394 RECTANGLE -----       6 Flashes
D69:  0.0276 ROUND  --       0 Draws,      16 Flashes
D70:  0.0512 ROUND  --       0 Draws,     996 Flashes
D71:  0.0250 ROUND  --    2569 Draws,       1 Flashes
D72:  0.0100 ROUND  --   74793 Draws,       2 Flashes
D73:  0.0050 ROUND  --     968 Draws,       0 Flashes
D74:  0.0500 ROUND  --     201 Draws,       0 Flashes
D75:  0.0276 ROUND  --       0 Draws,    1347 Flashes
D76:  0.0120 ROUND  --      14 Draws,       0 Flashes
D77:  0.0276 ROUND  --       0 Draws,     498 Flashes
D78:  0.0276 ROUND  --       0 Draws,      51 Flashes
D79:  0.0590 ROUND  --       0 Draws,       3 Flashes
D80:  0.0060 ROUND  --   20700 Draws,       0 Flashes
D81:  0.1000 ROUND  --      34 Draws,       0 Flashes
D82:  0.0079 ROUND  --     752 Draws,       0 Flashes
D83:  0.0080 ROUND  --     352 Draws,       0 Flashes
D84:  0.0059 ROUND  --     316 Draws,       0 Flashes
D85:  0.0078 ROUND  --      26 Draws,       0 Flashes
D86:  0.0010 ROUND  --      43 Draws,       0 Flashes
---------------------------------------------------------
 77 D-Codes      -----  100768 Draws,    7502 Flashes


No warnings or errors.
